*** Starting uWSGI 2.0.14-debian (64bit) on [Thu Jul  6 11:09:56 2017] ***
compiled with version: 6.3.0 20170221 on 27 February 2017 15:11:38
os: Linux-4.10.0-26-generic #30-Ubuntu SMP Tue Jun 27 09:30:12 UTC 2017
nodename: Jeek
machine: x86_64
clock source: unix
pcre jit disabled
detected number of CPU cores: 2
current working directory: /home/jeek/jpsp/jpsp_python
detected binary path: /usr/bin/uwsgi-core
uWSGI running as root, you can use --uid/--gid/--chroot options
*** WARNING: you are running uWSGI as root !!! (use the --uid flag) *** 
chdir() to /home/jeek/jpsp/jpsp_python/jpsp/
your processes number limit is 15586
your memory page size is 4096 bytes
detected max file descriptor number: 1024
lock engine: pthread robust mutexes
thunder lock: disabled (you can enable it with --thunder-lock)
uwsgi socket 0 bound to TCP address 127.0.0.1:8001 fd 3
your server socket listen backlog is limited to 100 connections
your mercy for graceful operations on workers is 60 seconds
mapped 145536 bytes (142 KB) for 1 cores
*** Operational MODE: single process ***
*** no app loaded. going in full dynamic mode ***
*** uWSGI is running in multiple interpreter mode ***
!!!!!!!!!!!!!! WARNING !!!!!!!!!!!!!!
no request plugin is loaded, you will not be able to manage requests.
you may need to install the package for your language of choice, or simply load it with --plugin.
!!!!!!!!!!! END OF WARNING !!!!!!!!!!
spawned uWSGI master process (pid: 9048)
spawned uWSGI worker 1 (pid: 9049, cores: 1)
*** Stats server enabled on 127.0.0.1:9293 fd: 9 ***
*** Starting uWSGI 2.0.14-debian (64bit) on [Thu Jul  6 11:09:57 2017] ***
compiled with version: 6.3.0 20170221 on 27 February 2017 15:11:38
os: Linux-4.10.0-26-generic #30-Ubuntu SMP Tue Jun 27 09:30:12 UTC 2017
nodename: Jeek
machine: x86_64
clock source: unix
pcre jit disabled
detected number of CPU cores: 2
current working directory: /home/jeek/jpsp/jpsp_python
detected binary path: /usr/bin/uwsgi-core
uWSGI running as root, you can use --uid/--gid/--chroot options
*** WARNING: you are running uWSGI as root !!! (use the --uid flag) *** 
chdir() to /home/jeek/jpsp/jpsp_python/jpsp/
your processes number limit is 15586
your memory page size is 4096 bytes
detected max file descriptor number: 1024
lock engine: pthread robust mutexes
thunder lock: disabled (you can enable it with --thunder-lock)
probably another instance of uWSGI is running on the same address (127.0.0.1:8001).
bind(): Address already in use [core/socket.c line 769]
*** Starting uWSGI 2.0.14-debian (64bit) on [Thu Jul  6 11:09:59 2017] ***
compiled with version: 6.3.0 20170221 on 27 February 2017 15:11:38
os: Linux-4.10.0-26-generic #30-Ubuntu SMP Tue Jun 27 09:30:12 UTC 2017
nodename: Jeek
machine: x86_64
clock source: unix
pcre jit disabled
detected number of CPU cores: 2
current working directory: /home/jeek/jpsp/jpsp_python
detected binary path: /usr/bin/uwsgi-core
uWSGI running as root, you can use --uid/--gid/--chroot options
*** WARNING: you are running uWSGI as root !!! (use the --uid flag) *** 
chdir() to /home/jeek/jpsp/jpsp_python/jpsp/
your processes number limit is 15586
your memory page size is 4096 bytes
detected max file descriptor number: 1024
lock engine: pthread robust mutexes
thunder lock: disabled (you can enable it with --thunder-lock)
probably another instance of uWSGI is running on the same address (127.0.0.1:8001).
bind(): Address already in use [core/socket.c line 769]
*** Starting uWSGI 2.0.14-debian (64bit) on [Thu Jul  6 11:10:02 2017] ***
compiled with version: 6.3.0 20170221 on 27 February 2017 15:11:38
os: Linux-4.10.0-26-generic #30-Ubuntu SMP Tue Jun 27 09:30:12 UTC 2017
nodename: Jeek
machine: x86_64
clock source: unix
pcre jit disabled
detected number of CPU cores: 2
current working directory: /home/jeek/jpsp/jpsp_python
detected binary path: /usr/bin/uwsgi-core
uWSGI running as root, you can use --uid/--gid/--chroot options
*** WARNING: you are running uWSGI as root !!! (use the --uid flag) *** 
chdir() to /home/jeek/jpsp/jpsp_python/jpsp/
your processes number limit is 15586
your memory page size is 4096 bytes
detected max file descriptor number: 1024
lock engine: pthread robust mutexes
thunder lock: disabled (you can enable it with --thunder-lock)
probably another instance of uWSGI is running on the same address (127.0.0.1:8001).
bind(): Address already in use [core/socket.c line 769]
*** Starting uWSGI 2.0.14-debian (64bit) on [Thu Jul  6 11:10:45 2017] ***
compiled with version: 6.3.0 20170221 on 27 February 2017 15:11:38
os: Linux-4.10.0-26-generic #30-Ubuntu SMP Tue Jun 27 09:30:12 UTC 2017
nodename: Jeek
machine: x86_64
clock source: unix
pcre jit disabled
detected number of CPU cores: 2
current working directory: /home/jeek/jpsp/jpsp_python
detected binary path: /usr/bin/uwsgi-core
uWSGI running as root, you can use --uid/--gid/--chroot options
*** WARNING: you are running uWSGI as root !!! (use the --uid flag) *** 
chdir() to /home/jeek/jpsp/jpsp_python/jpsp/
your processes number limit is 15586
your memory page size is 4096 bytes
detected max file descriptor number: 1024
lock engine: pthread robust mutexes
thunder lock: disabled (you can enable it with --thunder-lock)
probably another instance of uWSGI is running on the same address (127.0.0.1:8001).
bind(): Address already in use [core/socket.c line 769]
*** Starting uWSGI 2.0.14-debian (64bit) on [Thu Jul  6 11:10:46 2017] ***
compiled with version: 6.3.0 20170221 on 27 February 2017 15:11:38
os: Linux-4.10.0-26-generic #30-Ubuntu SMP Tue Jun 27 09:30:12 UTC 2017
nodename: Jeek
machine: x86_64
clock source: unix
pcre jit disabled
detected number of CPU cores: 2
current working directory: /home/jeek/jpsp/jpsp_python
detected binary path: /usr/bin/uwsgi-core
uWSGI running as root, you can use --uid/--gid/--chroot options
*** WARNING: you are running uWSGI as root !!! (use the --uid flag) *** 
chdir() to /home/jeek/jpsp/jpsp_python/jpsp/
your processes number limit is 15586
your memory page size is 4096 bytes
detected max file descriptor number: 1024
lock engine: pthread robust mutexes
thunder lock: disabled (you can enable it with --thunder-lock)
probably another instance of uWSGI is running on the same address (127.0.0.1:8001).
bind(): Address already in use [core/socket.c line 769]
*** Starting uWSGI 2.0.14-debian (64bit) on [Thu Jul  6 11:10:48 2017] ***
compiled with version: 6.3.0 20170221 on 27 February 2017 15:11:38
os: Linux-4.10.0-26-generic #30-Ubuntu SMP Tue Jun 27 09:30:12 UTC 2017
nodename: Jeek
machine: x86_64
clock source: unix
pcre jit disabled
detected number of CPU cores: 2
current working directory: /home/jeek/jpsp/jpsp_python
detected binary path: /usr/bin/uwsgi-core
uWSGI running as root, you can use --uid/--gid/--chroot options
*** WARNING: you are running uWSGI as root !!! (use the --uid flag) *** 
chdir() to /home/jeek/jpsp/jpsp_python/jpsp/
your processes number limit is 15586
your memory page size is 4096 bytes
detected max file descriptor number: 1024
lock engine: pthread robust mutexes
thunder lock: disabled (you can enable it with --thunder-lock)
probably another instance of uWSGI is running on the same address (127.0.0.1:8001).
bind(): Address already in use [core/socket.c line 769]
*** Starting uWSGI 2.0.14-debian (64bit) on [Thu Jul  6 11:10:51 2017] ***
compiled with version: 6.3.0 20170221 on 27 February 2017 15:11:38
os: Linux-4.10.0-26-generic #30-Ubuntu SMP Tue Jun 27 09:30:12 UTC 2017
nodename: Jeek
machine: x86_64
clock source: unix
pcre jit disabled
detected number of CPU cores: 2
current working directory: /home/jeek/jpsp/jpsp_python
detected binary path: /usr/bin/uwsgi-core
uWSGI running as root, you can use --uid/--gid/--chroot options
*** WARNING: you are running uWSGI as root !!! (use the --uid flag) *** 
chdir() to /home/jeek/jpsp/jpsp_python/jpsp/
your processes number limit is 15586
your memory page size is 4096 bytes
detected max file descriptor number: 1024
lock engine: pthread robust mutexes
thunder lock: disabled (you can enable it with --thunder-lock)
probably another instance of uWSGI is running on the same address (127.0.0.1:8001).
bind(): Address already in use [core/socket.c line 769]
*** Starting uWSGI 2.0.14-debian (64bit) on [Thu Jul  6 11:11:13 2017] ***
compiled with version: 6.3.0 20170221 on 27 February 2017 15:11:38
os: Linux-4.10.0-26-generic #30-Ubuntu SMP Tue Jun 27 09:30:12 UTC 2017
nodename: Jeek
machine: x86_64
clock source: unix
pcre jit disabled
detected number of CPU cores: 2
current working directory: /home/jeek/jpsp/jpsp_python
detected binary path: /usr/bin/uwsgi-core
uWSGI running as root, you can use --uid/--gid/--chroot options
*** WARNING: you are running uWSGI as root !!! (use the --uid flag) *** 
chdir() to /home/jeek/jpsp/jpsp_python/jpsp/
your processes number limit is 15586
your memory page size is 4096 bytes
detected max file descriptor number: 1024
lock engine: pthread robust mutexes
thunder lock: disabled (you can enable it with --thunder-lock)
probably another instance of uWSGI is running on the same address (127.0.0.1:8001).
bind(): Address already in use [core/socket.c line 769]
-- unavailable modifier requested: 0 --
-- unavailable modifier requested: 0 --
...brutally killing workers...
worker 1 buried after 0 seconds
binary reloading uWSGI...
chdir() to /home/jeek/jpsp/jpsp_python
closing all non-uwsgi socket fds > 2 (max_fd = 1024)...
found fd 3 mapped to socket 0 (127.0.0.1:8001)
running /usr/bin/uwsgi-core
[uWSGI] getting INI configuration from /home/jeek/jpsp/jpsp_python/uwsgi.ini
*** Starting uWSGI 2.0.14-debian (64bit) on [Thu Jul  6 11:14:31 2017] ***
compiled with version: 6.3.0 20170221 on 27 February 2017 15:11:38
os: Linux-4.10.0-26-generic #30-Ubuntu SMP Tue Jun 27 09:30:12 UTC 2017
nodename: Jeek
machine: x86_64
clock source: unix
pcre jit disabled
detected number of CPU cores: 2
current working directory: /home/jeek/jpsp/jpsp_python
detected binary path: /usr/bin/uwsgi-core
uWSGI running as root, you can use --uid/--gid/--chroot options
*** WARNING: you are running uWSGI as root !!! (use the --uid flag) *** 
chdir() to /home/jeek/jpsp/jpsp_python/jpsp/
your processes number limit is 15586
your memory page size is 4096 bytes
detected max file descriptor number: 1024
lock engine: pthread robust mutexes
thunder lock: disabled (you can enable it with --thunder-lock)
uwsgi socket 0 inherited INET address 127.0.0.1:8001 fd 3
your server socket listen backlog is limited to 100 connections
your mercy for graceful operations on workers is 60 seconds
mapped 145536 bytes (142 KB) for 1 cores
*** Operational MODE: single process ***
*** no app loaded. going in full dynamic mode ***
*** uWSGI is running in multiple interpreter mode ***
!!!!!!!!!!!!!! WARNING !!!!!!!!!!!!!!
no request plugin is loaded, you will not be able to manage requests.
you may need to install the package for your language of choice, or simply load it with --plugin.
!!!!!!!!!!! END OF WARNING !!!!!!!!!!
gracefully (RE)spawned uWSGI master process (pid: 9048)
spawned uWSGI worker 1 (pid: 9115, cores: 1)
*** Stats server enabled on 127.0.0.1:9293 fd: 9 ***
*** Starting uWSGI 2.0.14-debian (64bit) on [Thu Jul  6 11:14:32 2017] ***
compiled with version: 6.3.0 20170221 on 27 February 2017 15:11:38
os: Linux-4.10.0-26-generic #30-Ubuntu SMP Tue Jun 27 09:30:12 UTC 2017
nodename: Jeek
machine: x86_64
clock source: unix
pcre jit disabled
detected number of CPU cores: 2
current working directory: /home/jeek/jpsp/jpsp_python
detected binary path: /usr/bin/uwsgi-core
uWSGI running as root, you can use --uid/--gid/--chroot options
*** WARNING: you are running uWSGI as root !!! (use the --uid flag) *** 
chdir() to /home/jeek/jpsp/jpsp_python/jpsp/
your processes number limit is 15586
your memory page size is 4096 bytes
detected max file descriptor number: 1024
lock engine: pthread robust mutexes
thunder lock: disabled (you can enable it with --thunder-lock)
probably another instance of uWSGI is running on the same address (127.0.0.1:8001).
bind(): Address already in use [core/socket.c line 769]
*** Starting uWSGI 2.0.14-debian (64bit) on [Thu Jul  6 11:14:33 2017] ***
compiled with version: 6.3.0 20170221 on 27 February 2017 15:11:38
os: Linux-4.10.0-26-generic #30-Ubuntu SMP Tue Jun 27 09:30:12 UTC 2017
nodename: Jeek
machine: x86_64
clock source: unix
pcre jit disabled
detected number of CPU cores: 2
current working directory: /home/jeek/jpsp/jpsp_python
detected binary path: /usr/bin/uwsgi-core
uWSGI running as root, you can use --uid/--gid/--chroot options
*** WARNING: you are running uWSGI as root !!! (use the --uid flag) *** 
chdir() to /home/jeek/jpsp/jpsp_python/jpsp/
your processes number limit is 15586
your memory page size is 4096 bytes
detected max file descriptor number: 1024
lock engine: pthread robust mutexes
thunder lock: disabled (you can enable it with --thunder-lock)
probably another instance of uWSGI is running on the same address (127.0.0.1:8001).
bind(): Address already in use [core/socket.c line 769]
*** Starting uWSGI 2.0.14-debian (64bit) on [Thu Jul  6 11:14:35 2017] ***
compiled with version: 6.3.0 20170221 on 27 February 2017 15:11:38
os: Linux-4.10.0-26-generic #30-Ubuntu SMP Tue Jun 27 09:30:12 UTC 2017
nodename: Jeek
machine: x86_64
clock source: unix
pcre jit disabled
detected number of CPU cores: 2
current working directory: /home/jeek/jpsp/jpsp_python
detected binary path: /usr/bin/uwsgi-core
uWSGI running as root, you can use --uid/--gid/--chroot options
*** WARNING: you are running uWSGI as root !!! (use the --uid flag) *** 
chdir() to /home/jeek/jpsp/jpsp_python/jpsp/
your processes number limit is 15586
your memory page size is 4096 bytes
detected max file descriptor number: 1024
lock engine: pthread robust mutexes
thunder lock: disabled (you can enable it with --thunder-lock)
probably another instance of uWSGI is running on the same address (127.0.0.1:8001).
bind(): Address already in use [core/socket.c line 769]
*** Starting uWSGI 2.0.14-debian (64bit) on [Thu Jul  6 11:14:38 2017] ***
compiled with version: 6.3.0 20170221 on 27 February 2017 15:11:38
os: Linux-4.10.0-26-generic #30-Ubuntu SMP Tue Jun 27 09:30:12 UTC 2017
nodename: Jeek
machine: x86_64
clock source: unix
pcre jit disabled
detected number of CPU cores: 2
current working directory: /home/jeek/jpsp/jpsp_python
detected binary path: /usr/bin/uwsgi-core
uWSGI running as root, you can use --uid/--gid/--chroot options
*** WARNING: you are running uWSGI as root !!! (use the --uid flag) *** 
chdir() to /home/jeek/jpsp/jpsp_python/jpsp/
your processes number limit is 15586
your memory page size is 4096 bytes
detected max file descriptor number: 1024
lock engine: pthread robust mutexes
thunder lock: disabled (you can enable it with --thunder-lock)
probably another instance of uWSGI is running on the same address (127.0.0.1:8001).
bind(): Address already in use [core/socket.c line 769]
*** Starting uWSGI 2.0.14-debian (64bit) on [Thu Jul  6 11:33:38 2017] ***
compiled with version: 6.3.0 20170221 on 27 February 2017 15:11:38
os: Linux-4.10.0-26-generic #30-Ubuntu SMP Tue Jun 27 09:30:12 UTC 2017
nodename: Jeek
machine: x86_64
clock source: unix
pcre jit disabled
detected number of CPU cores: 2
current working directory: /home/jeek/jpsp/jpsp_python
detected binary path: /usr/bin/uwsgi-core
uWSGI running as root, you can use --uid/--gid/--chroot options
*** WARNING: you are running uWSGI as root !!! (use the --uid flag) *** 
chdir() to /home/jeek/jpsp/jpsp_python/jpsp/
your processes number limit is 15586
your memory page size is 4096 bytes
detected max file descriptor number: 1024
lock engine: pthread robust mutexes
thunder lock: disabled (you can enable it with --thunder-lock)
uwsgi socket 0 bound to TCP address 127.0.0.1:8001 fd 3
your server socket listen backlog is limited to 100 connections
your mercy for graceful operations on workers is 60 seconds
mapped 145536 bytes (142 KB) for 1 cores
*** Operational MODE: single process ***
*** no app loaded. going in full dynamic mode ***
*** uWSGI is running in multiple interpreter mode ***
!!!!!!!!!!!!!! WARNING !!!!!!!!!!!!!!
no request plugin is loaded, you will not be able to manage requests.
you may need to install the package for your language of choice, or simply load it with --plugin.
!!!!!!!!!!! END OF WARNING !!!!!!!!!!
spawned uWSGI master process (pid: 7220)
spawned uWSGI worker 1 (pid: 7221, cores: 1)
*** Stats server enabled on 127.0.0.1:9293 fd: 9 ***
*** Starting uWSGI 2.0.14-debian (64bit) on [Thu Jul  6 11:34:33 2017] ***
compiled with version: 6.3.0 20170221 on 27 February 2017 15:11:38
os: Linux-4.10.0-26-generic #30-Ubuntu SMP Tue Jun 27 09:30:12 UTC 2017
nodename: Jeek
machine: x86_64
clock source: unix
pcre jit disabled
detected number of CPU cores: 2
current working directory: /home/jeek/jpsp/jpsp_python
detected binary path: /usr/bin/uwsgi-core
uWSGI running as root, you can use --uid/--gid/--chroot options
*** WARNING: you are running uWSGI as root !!! (use the --uid flag) *** 
chdir() to /home/jeek/jpsp/jpsp_python/jpsp/
your processes number limit is 15586
your memory page size is 4096 bytes
detected max file descriptor number: 1024
lock engine: pthread robust mutexes
thunder lock: disabled (you can enable it with --thunder-lock)
probably another instance of uWSGI is running on the same address (127.0.0.1:8001).
bind(): Address already in use [core/socket.c line 769]
*** Starting uWSGI 2.0.14-debian (64bit) on [Thu Jul  6 11:34:34 2017] ***
compiled with version: 6.3.0 20170221 on 27 February 2017 15:11:38
os: Linux-4.10.0-26-generic #30-Ubuntu SMP Tue Jun 27 09:30:12 UTC 2017
nodename: Jeek
machine: x86_64
clock source: unix
pcre jit disabled
detected number of CPU cores: 2
current working directory: /home/jeek/jpsp/jpsp_python
detected binary path: /usr/bin/uwsgi-core
uWSGI running as root, you can use --uid/--gid/--chroot options
*** WARNING: you are running uWSGI as root !!! (use the --uid flag) *** 
chdir() to /home/jeek/jpsp/jpsp_python/jpsp/
your processes number limit is 15586
your memory page size is 4096 bytes
detected max file descriptor number: 1024
lock engine: pthread robust mutexes
thunder lock: disabled (you can enable it with --thunder-lock)
probably another instance of uWSGI is running on the same address (127.0.0.1:8001).
bind(): Address already in use [core/socket.c line 769]
*** Starting uWSGI 2.0.14-debian (64bit) on [Thu Jul  6 11:34:36 2017] ***
compiled with version: 6.3.0 20170221 on 27 February 2017 15:11:38
os: Linux-4.10.0-26-generic #30-Ubuntu SMP Tue Jun 27 09:30:12 UTC 2017
nodename: Jeek
machine: x86_64
clock source: unix
pcre jit disabled
detected number of CPU cores: 2
current working directory: /home/jeek/jpsp/jpsp_python
detected binary path: /usr/bin/uwsgi-core
uWSGI running as root, you can use --uid/--gid/--chroot options
*** WARNING: you are running uWSGI as root !!! (use the --uid flag) *** 
chdir() to /home/jeek/jpsp/jpsp_python/jpsp/
your processes number limit is 15586
your memory page size is 4096 bytes
detected max file descriptor number: 1024
lock engine: pthread robust mutexes
thunder lock: disabled (you can enable it with --thunder-lock)
probably another instance of uWSGI is running on the same address (127.0.0.1:8001).
bind(): Address already in use [core/socket.c line 769]
*** Starting uWSGI 2.0.14-debian (64bit) on [Thu Jul  6 11:34:39 2017] ***
compiled with version: 6.3.0 20170221 on 27 February 2017 15:11:38
os: Linux-4.10.0-26-generic #30-Ubuntu SMP Tue Jun 27 09:30:12 UTC 2017
nodename: Jeek
machine: x86_64
clock source: unix
pcre jit disabled
detected number of CPU cores: 2
current working directory: /home/jeek/jpsp/jpsp_python
detected binary path: /usr/bin/uwsgi-core
uWSGI running as root, you can use --uid/--gid/--chroot options
*** WARNING: you are running uWSGI as root !!! (use the --uid flag) *** 
chdir() to /home/jeek/jpsp/jpsp_python/jpsp/
your processes number limit is 15586
your memory page size is 4096 bytes
detected max file descriptor number: 1024
lock engine: pthread robust mutexes
thunder lock: disabled (you can enable it with --thunder-lock)
probably another instance of uWSGI is running on the same address (127.0.0.1:8001).
bind(): Address already in use [core/socket.c line 769]
-- unavailable modifier requested: 0 --
-- unavailable modifier requested: 0 --
-- unavailable modifier requested: 0 --
-- unavailable modifier requested: 0 --
*** Starting uWSGI 2.0.14-debian (64bit) on [Thu Jul  6 11:36:40 2017] ***
compiled with version: 6.3.0 20170221 on 27 February 2017 15:11:38
os: Linux-4.10.0-26-generic #30-Ubuntu SMP Tue Jun 27 09:30:12 UTC 2017
nodename: Jeek
machine: x86_64
clock source: unix
pcre jit disabled
detected number of CPU cores: 2
current working directory: /home/jeek/jpsp/jpsp_python
detected binary path: /usr/bin/uwsgi-core
uWSGI running as root, you can use --uid/--gid/--chroot options
*** WARNING: you are running uWSGI as root !!! (use the --uid flag) *** 
chdir() to /home/jeek/jpsp/jpsp_python/jpsp/
your processes number limit is 15586
your memory page size is 4096 bytes
detected max file descriptor number: 1024
lock engine: pthread robust mutexes
thunder lock: disabled (you can enable it with --thunder-lock)
probably another instance of uWSGI is running on the same address (127.0.0.1:8001).
bind(): Address already in use [core/socket.c line 769]
Thu Jul  6 11:38:01 2017 - uWSGI worker 1 screams: UAAAAAAH my master disconnected: i will kill myself !!!
*** Starting uWSGI 2.0.14-debian (64bit) on [Thu Jul  6 11:38:41 2017] ***
compiled with version: 6.3.0 20170221 on 27 February 2017 15:11:38
os: Linux-4.10.0-26-generic #30-Ubuntu SMP Tue Jun 27 09:30:12 UTC 2017
nodename: Jeek
machine: x86_64
clock source: unix
pcre jit disabled
detected number of CPU cores: 2
current working directory: /home/jeek/jpsp/jpsp_python
detected binary path: /usr/bin/uwsgi-core
uWSGI running as root, you can use --uid/--gid/--chroot options
*** WARNING: you are running uWSGI as root !!! (use the --uid flag) *** 
chdir() to /home/jeek/jpsp/jpsp_python/jpsp/
your processes number limit is 15586
your memory page size is 4096 bytes
detected max file descriptor number: 1024
lock engine: pthread robust mutexes
thunder lock: disabled (you can enable it with --thunder-lock)
uwsgi socket 0 bound to TCP address 127.0.0.1:8001 fd 3
your server socket listen backlog is limited to 100 connections
your mercy for graceful operations on workers is 60 seconds
mapped 145536 bytes (142 KB) for 1 cores
*** Operational MODE: single process ***
*** no app loaded. going in full dynamic mode ***
*** uWSGI is running in multiple interpreter mode ***
!!!!!!!!!!!!!! WARNING !!!!!!!!!!!!!!
no request plugin is loaded, you will not be able to manage requests.
you may need to install the package for your language of choice, or simply load it with --plugin.
!!!!!!!!!!! END OF WARNING !!!!!!!!!!
spawned uWSGI master process (pid: 7428)
spawned uWSGI worker 1 (pid: 7429, cores: 1)
*** Stats server enabled on 127.0.0.1:9293 fd: 9 ***
-- unavailable modifier requested: 0 --
Thu Jul  6 11:41:04 2017 - uWSGI worker 1 screams: UAAAAAAH my master disconnected: i will kill myself !!!
*** Starting uWSGI 2.0.14-debian (64bit) on [Thu Jul  6 11:41:26 2017] ***
compiled with version: 6.3.0 20170221 on 27 February 2017 15:11:38
os: Linux-4.10.0-26-generic #30-Ubuntu SMP Tue Jun 27 09:30:12 UTC 2017
nodename: Jeek
machine: x86_64
clock source: unix
pcre jit disabled
detected number of CPU cores: 2
current working directory: /home/jeek/jpsp/jpsp_python
detected binary path: /usr/bin/uwsgi-core
uWSGI running as root, you can use --uid/--gid/--chroot options
*** WARNING: you are running uWSGI as root !!! (use the --uid flag) *** 
chdir() to /home/jeek/jpsp/jpsp_python/jpsp/
your processes number limit is 15586
your memory page size is 4096 bytes
detected max file descriptor number: 1024
lock engine: pthread robust mutexes
thunder lock: disabled (you can enable it with --thunder-lock)
uwsgi socket 0 bound to TCP address 127.0.0.1:8001 fd 3
Python version: 2.7.13 (default, Jan 19 2017, 14:48:08)  [GCC 6.3.0 20170118]
*** Python threads support is disabled. You can enable it with --enable-threads ***
Python main interpreter initialized at 0x5571635af520
your server socket listen backlog is limited to 100 connections
your mercy for graceful operations on workers is 60 seconds
mapped 145536 bytes (142 KB) for 1 cores
*** Operational MODE: single process ***
WSGI app 0 (mountpoint='') ready in 2 seconds on interpreter 0x5571635af520 pid: 7451 (default app)
mountpoint  already configured. skip.
*** uWSGI is running in multiple interpreter mode ***
spawned uWSGI master process (pid: 7451)
spawned uWSGI worker 1 (pid: 7453, cores: 1)
*** Stats server enabled on 127.0.0.1:9293 fd: 9 ***
Python auto-reloader enabled
[pid: 7453|app: 0|req: 1/1] 101.81.162.4 () {40 vars in 750 bytes} [Thu Jul  6 19:43:53 2017] GET / => generated 624 bytes in 125 msecs (HTTP/1.1 200) 3 headers in 109 bytes (1 switches on core 0)
Invalid HTTP_HOST header: 'clientapi.ipip.net'. You may need to add u'clientapi.ipip.net' to ALLOWED_HOSTS.
[pid: 7453|app: 0|req: 2/2] 139.162.88.63 () {30 vars in 400 bytes} [Thu Jul  6 19:47:02 2017] GET /echo.php?info=1234567890 => generated 57039 bytes in 132 msecs (HTTP/1.1 400) 1 headers in 53 bytes (1 switches on core 0)
[pid: 7453|app: 0|req: 3/3] 101.81.162.4 () {40 vars in 750 bytes} [Thu Jul  6 19:51:26 2017] GET / => generated 624 bytes in 1 msecs (HTTP/1.1 200) 3 headers in 109 bytes (1 switches on core 0)
[pid: 7453|app: 0|req: 4/4] 221.229.166.77 () {38 vars in 565 bytes} [Thu Jul  6 19:54:58 2017] GET / => generated 624 bytes in 1 msecs (HTTP/1.1 200) 3 headers in 109 bytes (1 switches on core 0)
